{"C:\\wl-project\\src\\extractionService.ts": {"path":"C:\\wl-project\\src\\extractionService.ts","statementMap":{"0":{"start":{"line":6,"column":39},"end":{"line":7,"column":null}},"1":{"start":{"line":10,"column":2},"end":{"line":10,"column":39}},"2":{"start":{"line":11,"column":30},"end":{"line":11,"column":32}},"3":{"start":{"line":12,"column":2},"end":{"line":20,"column":5}},"4":{"start":{"line":14,"column":23},"end":{"line":14,"column":45}},"5":{"start":{"line":16,"column":4},"end":{"line":18,"column":null}},"6":{"start":{"line":17,"column":6},"end":{"line":17,"column":120}},"7":{"start":{"line":19,"column":4},"end":{"line":19,"column":30}},"8":{"start":{"line":22,"column":24},"end":{"line":24,"column":4}},"9":{"start":{"line":23,"column":4},"end":{"line":23,"column":29}},"10":{"start":{"line":25,"column":2},"end":{"line":25,"column":23}},"11":{"start":{"line":4,"column":0},"end":{"line":4,"column":16}},"12":{"start":{"line":30,"column":25},"end":{"line":30,"column":62}},"13":{"start":{"line":31,"column":20},"end":{"line":31,"column":51}},"14":{"start":{"line":32,"column":20},"end":{"line":32,"column":55}},"15":{"start":{"line":34,"column":20},"end":{"line":34,"column":57}},"16":{"start":{"line":35,"column":30},"end":{"line":42,"column":4}},"17":{"start":{"line":43,"column":2},"end":{"line":43,"column":20}},"18":{"start":{"line":29,"column":0},"end":{"line":29,"column":16}}},"fnMap":{"0":{"name":"extractData","decl":{"start":{"line":4,"column":16},"end":{"line":4,"column":27}},"loc":{"start":{"line":4,"column":46},"end":{"line":26,"column":1}}},"1":{"name":"(anonymous_1)","decl":{"start":{"line":12,"column":19},"end":{"line":12,"column":20}},"loc":{"start":{"line":12,"column":27},"end":{"line":20,"column":3}}},"2":{"name":"(anonymous_2)","decl":{"start":{"line":22,"column":38},"end":{"line":22,"column":47}},"loc":{"start":{"line":22,"column":50},"end":{"line":24,"column":3}}},"3":{"name":"getProductFromDiv","decl":{"start":{"line":29,"column":16},"end":{"line":29,"column":33}},"loc":{"start":{"line":29,"column":53},"end":{"line":44,"column":1}}}},"branchMap":{"0":{"loc":{"start":{"line":16,"column":4},"end":{"line":18,"column":null}},"type":"if","locations":[{"start":{"line":16,"column":4},"end":{"line":18,"column":null}}]},"1":{"loc":{"start":{"line":16,"column":8},"end":{"line":16,"column":129}},"type":"binary-expr","locations":[{"start":{"line":16,"column":8},"end":{"line":16,"column":31}},{"start":{"line":16,"column":35},"end":{"line":16,"column":61}},{"start":{"line":16,"column":65},"end":{"line":16,"column":95}},{"start":{"line":16,"column":99},"end":{"line":16,"column":129}}]},"2":{"loc":{"start":{"line":38,"column":18},"end":{"line":38,"column":102}},"type":"cond-expr","locations":[{"start":{"line":38,"column":55},"end":{"line":38,"column":97}},{"start":{"line":38,"column":100},"end":{"line":38,"column":102}}]},"3":{"loc":{"start":{"line":38,"column":18},"end":{"line":38,"column":52}},"type":"binary-expr","locations":[{"start":{"line":38,"column":18},"end":{"line":38,"column":27}},{"start":{"line":38,"column":31},"end":{"line":38,"column":52}}]},"4":{"loc":{"start":{"line":39,"column":17},"end":{"line":39,"column":95}},"type":"cond-expr","locations":[{"start":{"line":39,"column":64},"end":{"line":39,"column":90}},{"start":{"line":39,"column":93},"end":{"line":39,"column":95}}]},"5":{"loc":{"start":{"line":39,"column":17},"end":{"line":39,"column":61}},"type":"binary-expr","locations":[{"start":{"line":39,"column":17},"end":{"line":39,"column":31}},{"start":{"line":39,"column":35},"end":{"line":39,"column":61}}]},"6":{"loc":{"start":{"line":40,"column":11},"end":{"line":40,"column":103}},"type":"cond-expr","locations":[{"start":{"line":40,"column":48},"end":{"line":40,"column":98}},{"start":{"line":40,"column":101},"end":{"line":40,"column":103}}]},"7":{"loc":{"start":{"line":40,"column":11},"end":{"line":40,"column":45}},"type":"binary-expr","locations":[{"start":{"line":40,"column":11},"end":{"line":40,"column":20}},{"start":{"line":40,"column":24},"end":{"line":40,"column":45}}]},"8":{"loc":{"start":{"line":41,"column":14},"end":{"line":41,"column":119}},"type":"cond-expr","locations":[{"start":{"line":41,"column":51},"end":{"line":41,"column":114}},{"start":{"line":41,"column":117},"end":{"line":41,"column":119}}]},"9":{"loc":{"start":{"line":41,"column":14},"end":{"line":41,"column":48}},"type":"binary-expr","locations":[{"start":{"line":41,"column":14},"end":{"line":41,"column":23}},{"start":{"line":41,"column":27},"end":{"line":41,"column":48}}]}},"s":{"0":2,"1":2,"2":2,"3":2,"4":6,"5":6,"6":3,"7":6,"8":2,"9":4,"10":2,"11":1,"12":9,"13":9,"14":9,"15":9,"16":9,"17":9,"18":1},"f":{"0":2,"1":6,"2":4,"3":9},"b":{"0":[3],"1":[6,3,3,3],"2":[9,0],"3":[9,9],"4":[6,3],"5":[9,6],"6":[6,3],"7":[9,6],"8":[6,3],"9":[9,6]}}
,"C:\\wl-project\\src\\mock\\website.mock.ts": {"path":"C:\\wl-project\\src\\mock\\website.mock.ts","statementMap":{"0":{"start":{"line":1,"column":13},"end":{"line":211,"column":8}}},"fnMap":{},"branchMap":{},"s":{"0":1},"f":{},"b":{}}
,"C:\\wl-project\\src\\mock\\wrongWebsite.mock.ts": {"path":"C:\\wl-project\\src\\mock\\wrongWebsite.mock.ts","statementMap":{"0":{"start":{"line":1,"column":13},"end":{"line":91,"column":8}}},"fnMap":{},"branchMap":{},"s":{"0":1},"f":{},"b":{}}
}
