TN:
SF:src\extractionService.ts
FN:4,extractData
FN:12,(anonymous_1)
FN:22,(anonymous_2)
FN:29,getProductFromDiv
FNF:4
FNH:4
FNDA:2,extractData
FNDA:6,(anonymous_1)
FNDA:4,(anonymous_2)
FNDA:9,getProductFromDiv
DA:4,1
DA:6,2
DA:10,2
DA:11,2
DA:12,2
DA:14,6
DA:16,6
DA:17,3
DA:19,6
DA:22,2
DA:23,4
DA:25,2
DA:29,1
DA:30,9
DA:31,9
DA:32,9
DA:34,9
DA:35,9
DA:43,9
LF:19
LH:19
BRDA:16,0,0,3
BRDA:16,1,0,6
BRDA:16,1,1,3
BRDA:16,1,2,3
BRDA:16,1,3,3
BRDA:38,2,0,9
BRDA:38,2,1,0
BRDA:38,3,0,9
BRDA:38,3,1,9
BRDA:39,4,0,6
BRDA:39,4,1,3
BRDA:39,5,0,9
BRDA:39,5,1,6
BRDA:40,6,0,6
BRDA:40,6,1,3
BRDA:40,7,0,9
BRDA:40,7,1,6
BRDA:41,8,0,6
BRDA:41,8,1,3
BRDA:41,9,0,9
BRDA:41,9,1,6
BRF:21
BRH:20
end_of_record
TN:
SF:src\mock\website.mock.ts
FNF:0
FNH:0
DA:1,1
LF:1
LH:1
BRF:0
BRH:0
end_of_record
TN:
SF:src\mock\wrongWebsite.mock.ts
FNF:0
FNH:0
DA:1,1
LF:1
LH:1
BRF:0
BRH:0
end_of_record
